TN:
SF:src/application/usecase/AtualizarEnderecoUseCase.ts
FN:10,(anonymous_0)
FN:15,(anonymous_1)
FN:23,(anonymous_2)
FNF:3
FNH:3
FNDA:4,(anonymous_0)
FNDA:2,(anonymous_1)
FNDA:1,(anonymous_2)
DA:9,2
DA:11,4
DA:12,4
DA:16,2
DA:18,1
DA:19,1
DA:24,1
DA:26,1
DA:27,1
DA:28,1
DA:29,1
DA:30,1
DA:31,1
DA:33,1
LF:14
LH:14
BRDA:18,0,0,1
BRDA:26,1,0,1
BRF:2
BRH:2
end_of_record
TN:
SF:src/application/usecase/CriarClienteUseCase.ts
FN:13,(anonymous_0)
FN:18,(anonymous_1)
FNF:2
FNH:2
FNDA:3,(anonymous_0)
FNDA:1,(anonymous_1)
DA:12,2
DA:14,3
DA:15,3
DA:19,1
DA:21,1
DA:22,1
DA:33,1
LF:7
LH:7
BRDA:21,0,0,1
BRF:1
BRH:1
end_of_record
TN:
SF:src/infrastructure/adapters/input/create/CriarClienteHandler.ts
FN:10,(anonymous_0)
FNF:1
FNH:1
FNDA:2,(anonymous_0)
DA:5,1
DA:6,1
DA:7,1
DA:10,1
DA:12,2
DA:14,2
DA:15,2
DA:17,2
DA:19,2
DA:20,2
DA:21,1
DA:26,1
DA:27,1
LF:13
LH:13
BRF:0
BRH:0
end_of_record
TN:
SF:src/infrastructure/adapters/input/update/AtualizarEnderecoHandler.ts
FN:10,(anonymous_0)
FNF:1
FNH:1
FNDA:2,(anonymous_0)
DA:5,1
DA:6,1
DA:7,1
DA:10,1
DA:11,2
DA:13,2
DA:14,2
DA:16,2
DA:18,2
DA:19,2
DA:20,1
DA:25,1
DA:26,1
LF:13
LH:13
BRF:0
BRH:0
end_of_record
TN:
SF:src/infrastructure/adapters/input/via-cep/ViaCepApiAdapter.ts
FN:5,(anonymous_0)
FN:8,(anonymous_1)
FNF:2
FNH:2
FNDA:7,(anonymous_0)
FNDA:3,(anonymous_1)
DA:1,3
DA:5,3
DA:6,7
DA:9,3
DA:10,3
DA:11,2
DA:13,2
DA:14,1
DA:17,1
DA:25,1
DA:27,1
DA:28,1
LF:12
LH:12
BRDA:13,0,0,1
BRF:1
BRH:1
end_of_record
TN:
SF:src/infrastructure/adapters/output/db/repositories/MemoryClienteRepository.ts
FN:5,(anonymous_0)
FN:8,(anonymous_1)
FN:12,(anonymous_2)
FN:18,(anonymous_3)
FNF:4
FNH:4
FNDA:9,(anonymous_0)
FNDA:4,(anonymous_1)
FNDA:4,(anonymous_2)
FNDA:2,(anonymous_3)
DA:5,3
DA:6,9
DA:9,4
DA:13,4
DA:14,4
DA:19,2
DA:21,2
DA:22,1
DA:25,1
DA:26,1
LF:10
LH:10
BRDA:14,0,0,4
BRDA:14,0,1,1
BRDA:21,1,0,1
BRF:3
BRH:3
end_of_record
